[debug] [2025-03-30T15:51:33.864Z] ----------------------------------------------------------------------
[debug] [2025-03-30T15:51:33.866Z] Command:       /usr/local/bin/node /usr/local/bin/firebase init functions
[debug] [2025-03-30T15:51:33.866Z] CLI Version:   14.0.1
[debug] [2025-03-30T15:51:33.866Z] Platform:      darwin
[debug] [2025-03-30T15:51:33.866Z] Node Version:  v20.17.0
[debug] [2025-03-30T15:51:33.866Z] Time:          Sun Mar 30 2025 20:51:33 GMT+0500 (Pakistan Standard Time)
[debug] [2025-03-30T15:51:33.866Z] ----------------------------------------------------------------------
[debug] 
[debug] [2025-03-30T15:51:33.870Z] > command requires scopes: ["email","openid","https://www.googleapis.com/auth/cloudplatformprojects.readonly","https://www.googleapis.com/auth/firebase","https://www.googleapis.com/auth/cloud-platform"]
[debug] [2025-03-30T15:51:33.870Z] > authorizing via signed-in user (zaidulhassan192@gmail.com)
[info] 
     ######## #### ########  ######## ########     ###     ######  ########
     ##        ##  ##     ## ##       ##     ##  ##   ##  ##       ##
     ######    ##  ########  ######   ########  #########  ######  ######
     ##        ##  ##    ##  ##       ##     ## ##     ##       ## ##
     ##       #### ##     ## ######## ########  ##     ##  ######  ########

You're about to initialize a Firebase project in this directory:

  /Users/zaidulhassan/Documents/material-tracker

[info] 
=== Project Setup
[info] 
[info] First, let's associate this project directory with a Firebase project.
[info] You can create multiple project aliases by running firebase use --add, 
[info] but for now we'll just set up a default project.
[info] 
